<?xml version="1.0" encoding="UTF-8"?>
<testng-results ignored="0" total="1" passed="1" failed="0" skipped="0">
  <reporter-output>
  </reporter-output>
  <suite started-at="2022-11-12T11:56:04 CST" name="Default suite" finished-at="2022-11-12T11:56:18 CST" duration-ms="13431">
    <groups>
      <group name="cucumber">
        <method signature="AbstractTestNGCucumberTests.feature(cucumber.api.testng.CucumberFeatureWrapper)[pri:0, instance:com.ebayyTestRunner.qa.ebayyTestRunnerClass@346d61be]" name="feature" class="cucumber.api.testng.AbstractTestNGCucumberTests"/>
      </group> <!-- cucumber -->
    </groups>
    <test started-at="2022-11-12T11:56:04 CST" name="Default test" finished-at="2022-11-12T11:56:18 CST" duration-ms="13431">
      <class name="com.ebayyTestRunner.qa.ebayyTestRunnerClass">
        <test-method is-config="true" signature="startURL()[pri:0, instance:com.ebayyTestRunner.qa.ebayyTestRunnerClass@346d61be]" started-at="2022-11-12T11:56:04 CST" name="startURL" finished-at="2022-11-12T11:56:10 CST" duration-ms="5649" status="PASS">
          <reporter-output>
          </reporter-output>
        </test-method> <!-- startURL -->
        <test-method is-config="true" signature="setUpClass()[pri:0, instance:com.ebayyTestRunner.qa.ebayyTestRunnerClass@346d61be]" started-at="2022-11-12T11:56:10 CST" name="setUpClass" finished-at="2022-11-12T11:56:10 CST" duration-ms="153" status="PASS">
          <reporter-output>
          </reporter-output>
        </test-method> <!-- setUpClass -->
        <test-method signature="feature(cucumber.api.testng.CucumberFeatureWrapper)[pri:0, instance:com.ebayyTestRunner.qa.ebayyTestRunnerClass@346d61be]" started-at="2022-11-12T11:56:10 CST" name="feature" description="Runs Cucumber Feature" data-provider="features" finished-at="2022-11-12T11:56:17 CST" duration-ms="6696" status="PASS">
          <params>
            <param index="0">
              <value>
                <![CDATA[This is the search functionality]]>
              </value>
            </param>
          </params>
          <reporter-output>
          </reporter-output>
        </test-method> <!-- feature -->
        <test-method is-config="true" signature="tearDownClass()[pri:0, instance:com.ebayyTestRunner.qa.ebayyTestRunnerClass@346d61be]" started-at="2022-11-12T11:56:17 CST" name="tearDownClass" finished-at="2022-11-12T11:56:17 CST" duration-ms="18" status="PASS">
          <reporter-output>
          </reporter-output>
        </test-method> <!-- tearDownClass -->
        <test-method is-config="true" signature="closeURL()[pri:0, instance:com.ebayyTestRunner.qa.ebayyTestRunnerClass@346d61be]" started-at="2022-11-12T11:56:17 CST" name="closeURL" finished-at="2022-11-12T11:56:18 CST" duration-ms="764" status="PASS">
          <reporter-output>
          </reporter-output>
        </test-method> <!-- closeURL -->
      </class> <!-- com.ebayyTestRunner.qa.ebayyTestRunnerClass -->
    </test> <!-- Default test -->
  </suite> <!-- Default suite -->
</testng-results>
